# TLS secrets log file, generated by OpenSSL / Python
SERVER_HANDSHAKE_TRAFFIC_SECRET 10bd2ad388868fcc60470c0659a9235f110493abcae260adc0480b1c87b4f372 b90dea3365cadfa6dfd79af38cbb22a43fbb1226a331dd7ce85ef49e885b6937b02e702bef05cbaadb02f713798eb251
EXPORTER_SECRET 10bd2ad388868fcc60470c0659a9235f110493abcae260adc0480b1c87b4f372 85ead5e17c508a30999d7897ec56c0b6eede79cf6c118dec018ee6c57fa3a144153f5293e7cf7c76e6ec440089610b4d
SERVER_TRAFFIC_SECRET_0 10bd2ad388868fcc60470c0659a9235f110493abcae260adc0480b1c87b4f372 34dda8b69c7a7dab94780a523dd4a0ba8c7d9fb2a945779c5a0e5f0346b263e101f148df86a0299d13296696bb203f65
CLIENT_HANDSHAKE_TRAFFIC_SECRET 10bd2ad388868fcc60470c0659a9235f110493abcae260adc0480b1c87b4f372 ef71ae9a51d34dffa4e55163f65f8fe631968f2382bfbca64ffe851a67823e1792cf9e325db86358f41706fb9eeb1a21
CLIENT_TRAFFIC_SECRET_0 10bd2ad388868fcc60470c0659a9235f110493abcae260adc0480b1c87b4f372 e9878c4f1d712ad891132a891fdd4666a91ccc41cf0f26603dd43c647b298d4aa3d96cfbb225c19a31b2d44dd7e033f0
SERVER_HANDSHAKE_TRAFFIC_SECRET 23d971efdf4e7f5ce6a25580ea5184b9132040d793a0d149b87dc9623c34b248 3ed9d119b12ac102a4cb11bd3bd17f35ac52701381786260db173bb1bda46fe95d6a478c63f0cd93459bdcda4c29a859
EXPORTER_SECRET 23d971efdf4e7f5ce6a25580ea5184b9132040d793a0d149b87dc9623c34b248 59077a21b21cdd4717df613e8663e4a340aee8954641a8fdb15c731234ba75ac4d46691ab3bc2c77c43560ec89b33429
SERVER_TRAFFIC_SECRET_0 23d971efdf4e7f5ce6a25580ea5184b9132040d793a0d149b87dc9623c34b248 8b60b43a417b789e765f5b813d5e68ca58d0452c912eddc9cf2cfa7ff6d28ad5a0e2718eda9980e7e9ba9e166352ff56
CLIENT_HANDSHAKE_TRAFFIC_SECRET 23d971efdf4e7f5ce6a25580ea5184b9132040d793a0d149b87dc9623c34b248 fcb04e3263411ea35e9de80c4beea6e0c1657ac9fc5d48a345cf2d651fc439cd716a9e40d7873c785a893d496f82abbf
CLIENT_TRAFFIC_SECRET_0 23d971efdf4e7f5ce6a25580ea5184b9132040d793a0d149b87dc9623c34b248 1f693a76d2c61c05f8152b298d4511d6a21ff98584144c6cc7dc74ca8d0088d225076f726190e02f7d70968a6e37297d
SERVER_HANDSHAKE_TRAFFIC_SECRET 9932938a57129bb644b07b94f8254c8325c2bec6454994b5d36452ae7b24e884 3197d7235b99c78d59410716007e185cbbd678c061bb29b41e185cd66f6f2682f3224404568de77fbc7c340f784884da
EXPORTER_SECRET 9932938a57129bb644b07b94f8254c8325c2bec6454994b5d36452ae7b24e884 6710df985a6c58824c21435d50c1ec135ca16c935a9f0686add265f7101c8776ed84ddccc3b4efccd0e0c3f4357517a5
SERVER_TRAFFIC_SECRET_0 9932938a57129bb644b07b94f8254c8325c2bec6454994b5d36452ae7b24e884 dcf772b1b0826e13cfe966b07507aadf865c854e7cecec924250f24b55bff6ceea58900bcee8572a1b1ef4894cf17c7a
CLIENT_HANDSHAKE_TRAFFIC_SECRET 9932938a57129bb644b07b94f8254c8325c2bec6454994b5d36452ae7b24e884 23a2732388f5deaeb6e82ae10b7421c3ba1f1393045c734d0a1ea50fdcfd6c90d87735435efb22072be5478ab696513e
CLIENT_TRAFFIC_SECRET_0 9932938a57129bb644b07b94f8254c8325c2bec6454994b5d36452ae7b24e884 b59a10418c647d61edd877e53d298359ad961859a1e805b1143ea3777568261663b9d981ab490e2087c0711d513bca8c
SERVER_HANDSHAKE_TRAFFIC_SECRET 0c4142f9c1affa229ae699834fc3df02445b776bdb5acdf023cc5536687e11d1 12219c395261cf1db1c7b1149ad0c4353bfbfc2c3f63459ea15f7da856800b39b321e83f511c30c60b2de365385d1091
EXPORTER_SECRET 0c4142f9c1affa229ae699834fc3df02445b776bdb5acdf023cc5536687e11d1 306e69b75d86e10d6a0de7292902eb5478c9eef9842400cd4104a7a3837be184435496250d15a9075ccfca9812daf5fc
SERVER_TRAFFIC_SECRET_0 0c4142f9c1affa229ae699834fc3df02445b776bdb5acdf023cc5536687e11d1 23e60604784907f1ba98a72097f0a10adf020fdd39f31cf1fea8327d7e2f16a67c46b8330fb6d468744a8bc5d4a73ad5
CLIENT_HANDSHAKE_TRAFFIC_SECRET 0c4142f9c1affa229ae699834fc3df02445b776bdb5acdf023cc5536687e11d1 4a30215862ce05730db34a099e9d70fa035c8821b59e8d67f30951f03bad8fd9b7123b61c23f600ddf8a85e438de56d2
CLIENT_TRAFFIC_SECRET_0 0c4142f9c1affa229ae699834fc3df02445b776bdb5acdf023cc5536687e11d1 d671c77137e598aa3316a32333aed9ea7208d2621d1ec20e2980622b9e9c44f5edcd0ea92eea39f7a5bd7a4dad33d4c3
